build/outputs/mapping/release/seeds.txt
com.mbizdev.kcsonsons.AboutActivity
com.mbizdev.kcsonsons.AboutActivity: AboutActivity()
com.mbizdev.kcsonsons.AllergenActivity
com.mbizdev.kcsonsons.AllergenActivity: AllergenActivity()
com.mbizdev.kcsonsons.BurgerActivity
com.mbizdev.kcsonsons.BurgerActivity: BurgerActivity()
com.mbizdev.kcsonsons.CameraMapActivity
com.mbizdev.kcsonsons.CameraMapActivity: CameraMapActivity()
com.mbizdev.kcsonsons.CameraMapActivity: void onGoToSydney(android.view.View)
com.mbizdev.kcsonsons.CameraMapActivity: void onStopAnimation(android.view.View)
com.mbizdev.kcsonsons.EveryThingActivity
com.mbizdev.kcsonsons.EveryThingActivity: EveryThingActivity()
com.mbizdev.kcsonsons.FacebookActivity
com.mbizdev.kcsonsons.FacebookActivity: FacebookActivity()
com.mbizdev.kcsonsons.GPlusActivity
com.mbizdev.kcsonsons.GPlusActivity: GPlusActivity()
com.mbizdev.kcsonsons.Home_Activity
com.mbizdev.kcsonsons.Home_Activity: Home_Activity()
com.mbizdev.kcsonsons.InstaActivity
com.mbizdev.kcsonsons.InstaActivity: InstaActivity()
com.mbizdev.kcsonsons.LegalInfoActivity
com.mbizdev.kcsonsons.LegalInfoActivity: LegalInfoActivity()
com.mbizdev.kcsonsons.MapsActivity
com.mbizdev.kcsonsons.MapsActivity: MapsActivity()
com.mbizdev.kcsonsons.MerchActivity
com.mbizdev.kcsonsons.MerchActivity: MerchActivity()
com.mbizdev.kcsonsons.MoreActivity
com.mbizdev.kcsonsons.MoreActivity: MoreActivity()
com.mbizdev.kcsonsons.NewServer
com.mbizdev.kcsonsons.NewServer: NewServer()
com.mbizdev.kcsonsons.OpenHoursActivity
com.mbizdev.kcsonsons.OpenHoursActivity: OpenHoursActivity()
com.mbizdev.kcsonsons.OrderActivity
com.mbizdev.kcsonsons.OrderActivity: OrderActivity()
com.mbizdev.kcsonsons.OrderActivity: void onClick(android.view.View)
com.mbizdev.kcsonsons.PittaActivity
com.mbizdev.kcsonsons.PittaActivity: PittaActivity()
com.mbizdev.kcsonsons.Q_Cam
com.mbizdev.kcsonsons.Q_Cam: Q_Cam()
com.mbizdev.kcsonsons.R$anim: int abc_fade_in
com.mbizdev.kcsonsons.R$anim: int abc_fade_out
com.mbizdev.kcsonsons.R$anim: int abc_grow_fade_in_from_bottom
com.mbizdev.kcsonsons.R$anim: int abc_popup_enter
com.mbizdev.kcsonsons.R$anim: int abc_popup_exit
com.mbizdev.kcsonsons.R$anim: int abc_shrink_fade_out_from_bottom
com.mbizdev.kcsonsons.R$anim: int abc_slide_in_bottom
com.mbizdev.kcsonsons.R$anim: int abc_slide_in_top
com.mbizdev.kcsonsons.R$anim: int abc_slide_out_bottom
com.mbizdev.kcsonsons.R$anim: int abc_slide_out_top
com.mbizdev.kcsonsons.R$attr: int actionBarDivider
com.mbizdev.kcsonsons.R$attr: int actionBarItemBackground
com.mbizdev.kcsonsons.R$attr: int actionBarPopupTheme
com.mbizdev.kcsonsons.R$attr: int actionBarSize
com.mbizdev.kcsonsons.R$attr: int actionBarSplitStyle
com.mbizdev.kcsonsons.R$attr: int actionBarStyle
com.mbizdev.kcsonsons.R$attr: int actionBarTabBarStyle
com.mbizdev.kcsonsons.R$attr: int actionBarTabStyle
com.mbizdev.kcsonsons.R$attr: int actionBarTabTextStyle
com.mbizdev.kcsonsons.R$attr: int actionBarTheme
com.mbizdev.kcsonsons.R$attr: int actionBarWidgetTheme
com.mbizdev.kcsonsons.R$attr: int actionButtonStyle
com.mbizdev.kcsonsons.R$attr: int actionDropDownStyle
com.mbizdev.kcsonsons.R$attr: int actionLayout
com.mbizdev.kcsonsons.R$attr: int actionMenuTextAppearance
com.mbizdev.kcsonsons.R$attr: int actionMenuTextColor
com.mbizdev.kcsonsons.R$attr: int actionModeBackground
com.mbizdev.kcsonsons.R$attr: int actionModeCloseButtonStyle
com.mbizdev.kcsonsons.R$attr: int actionModeCloseDrawable
com.mbizdev.kcsonsons.R$attr: int actionModeCopyDrawable
com.mbizdev.kcsonsons.R$attr: int actionModeCutDrawable
com.mbizdev.kcsonsons.R$attr: int actionModeFindDrawable
com.mbizdev.kcsonsons.R$attr: int actionModePasteDrawable
com.mbizdev.kcsonsons.R$attr: int actionModePopupWindowStyle
com.mbizdev.kcsonsons.R$attr: int actionModeSelectAllDrawable
com.mbizdev.kcsonsons.R$attr: int actionModeShareDrawable
com.mbizdev.kcsonsons.R$attr: int actionModeSplitBackground
...
android.support.v4.app.SupportActivity: SupportActivity()
android.support.v4.content.ModernAsyncTask$Status: android.support.v4.content.ModernAsyncTask$Status[] values()
android.support.v4.content.ModernAsyncTask$Status: android.support.v4.content.ModernAsyncTask$Status valueOf(java.lang.String)
android.support.v4.media.MediaBrowserCompat$MediaItem: android.os.Parcelable$Creator CREATOR
android.support.v4.media.MediaDescriptionCompat: android.os.Parcelable$Creator CREATOR
android.support.v4.media.MediaMetadataCompat: android.os.Parcelable$Creator CREATOR
android.support.v4.media.RatingCompat: android.os.Parcelable$Creator CREATOR
android.support.v4.media.session.MediaSessionCompat$QueueItem: android.os.Parcelable$Creator CREATOR
android.support.v4.media.session.MediaSessionCompat$ResultReceiverWrapper: android.os.Parcelable$Creator CREATOR
android.support.v4.media.session.MediaSessionCompat$Token: android.os.Parcelable$Creator CREATOR
android.support.v4.media.session.ParcelableVolumeInfo: android.os.Parcelable$Creator CREATOR
android.support.v4.media.session.PlaybackStateCompat: android.os.Parcelable$Creator CREATOR
android.support.v4.media.session.PlaybackStateCompat$CustomAction: android.os.Parcelable$Creator CREATOR
android.support.v4.os.ResultReceiver: android.os.Parcelable$Creator CREATOR
android.support.v4.view.AbsSavedState: android.os.Parcelable$Creator CREATOR
android.support.v4.view.PagerTabStrip: void setTabIndicatorColor(int)
android.support.v4.view.PagerTabStrip: void setTabIndicatorColorResource(int)
android.support.v4.view.PagerTabStrip: int getTabIndicatorColor()
android.support.v4.view.PagerTabStrip: void setTextSpacing(int)
android.support.v4.view.PagerTabStrip: void setBackgroundDrawable(android.graphics.drawable.Drawable)
android.support.v4.view.PagerTabStrip: void setBackgroundColor(int)
android.support.v4.view.PagerTabStrip: void setBackgroundResource(int)
android.support.v4.view.PagerTabStrip: void setDrawFullUnderline(boolean)
android.support.v4.view.PagerTabStrip: boolean getDrawFullUnderline()
android.support.v4.view.PagerTabStrip: int getMinHeight()
android.support.v4.view.PagerTitleStrip: void setSingleLineAllCaps(android.widget.TextView)
android.support.v4.view.PagerTitleStrip: void setTextSpacing(int)
android.support.v4.view.PagerTitleStrip: int getTextSpacing()
android.support.v4.view.PagerTitleStrip: void setNonPrimaryAlpha(float)
android.support.v4.view.PagerTitleStrip: void setTextColor(int)
android.support.v4.view.PagerTitleStrip: void setGravity(int)
android.support.v4.view.PagerTitleStrip: int getMinHeight()
android.support.v4.view.ViewPager: void setScrollState(int)
android.support.v4.view.ViewPager: void setAdapter(android.support.v4.view.PagerAdapter)
android.support.v4.view.ViewPager: android.support.v4.view.PagerAdapter getAdapter()
android.support.v4.view.ViewPager: int getClientWidth()
android.support.v4.view.ViewPager: void setCurrentItem(int)
android.support.v4.view.ViewPager: int getCurrentItem()
android.support.v4.view.ViewPager: void setOnPageChangeListener(android.support.v4.view.ViewPager$OnPageChangeListener)
android.support.v4.view.ViewPager: void setChildrenDrawingOrderEnabledCompat(boolean)
android.support.v4.view.ViewPager: int getOffscreenPageLimit()
android.support.v4.view.ViewPager: void setOffscreenPageLimit(int)
android.support.v4.view.ViewPager: void setPageMargin(int)
android.support.v4.view.ViewPager: int getPageMargin()
android.support.v4.view.ViewPager: void setPageMarginDrawable(android.graphics.drawable.Drawable)
android.support.v4.view.ViewPager: void setPageMarginDrawable(int)
android.support.v4.view.ViewPager: void setScrollingCacheEnabled(boolean)
android.support.v4.view.ViewPager$SavedState: android.os.Parcelable$Creator CREATOR