build/outputs/mapping/release/mapping.txt
com.mbizdev.kcsonsons.AboutActivity -> com.mbizdev.kcsonsons.AboutActivity:
    java.lang.String Title -> a
    java.lang.String Subtitle -> b
    int fontSize -> c
    void <init>() -> <init>
    void onCreate(android.os.Bundle) -> onCreate
    boolean onCreateOptionsMenu(android.view.Menu) -> onCreateOptionsMenu
    void onCreateContextMenu(android.view.ContextMenu,android.view.View,android.view.ContextMenu$ContextMenuInfo) -> onCreateContextMenu
    void populateOptionsMenu(android.view.Menu) -> a
    boolean onOptionsItemSelected(android.view.MenuItem) -> onOptionsItemSelected
    boolean onContextItemSelected(android.view.MenuItem) -> onContextItemSelected
    boolean applyMenuChoice(android.view.MenuItem) -> a
    void actionBarSetup() -> a
    void onStop() -> onStop
com.mbizdev.kcsonsons.AllergenActivity -> com.mbizdev.kcsonsons.AllergenActivity:
    java.lang.String Title -> c
    java.lang.String Subtitle -> d
    android.webkit.WebView browser -> a
    java.lang.String urlAllergen -> b
    void <init>() -> <init>
    void onCreate(android.os.Bundle) -> onCreate
    boolean onCreateOptionsMenu(android.view.Menu) -> onCreateOptionsMenu
    void onCreateContextMenu(android.view.ContextMenu,android.view.View,android.view.ContextMenu$ContextMenuInfo) -> onCreateContextMenu
    void populateOptionsMenu(android.view.Menu) -> a
    boolean onOptionsItemSelected(android.view.MenuItem) -> onOptionsItemSelected
    boolean onContextItemSelected(android.view.MenuItem) -> onContextItemSelected
    boolean applyMenuChoice(android.view.MenuItem) -> a
    void actionBarSetup() -> a
    void onStop() -> onStop
com.mbizdev.kcsonsons.BurgerActivity -> com.mbizdev.kcsonsons.BurgerActivity:
    java.lang.String Title -> d
    java.lang.String Subtitle -> e
    java.lang.String webTab -> a
    java.lang.String itemChoice -> b
    int count -> f
    android.widget.ListView list -> g
    java.util.ArrayList menuItemBurgers -> h
    com.mbizdev.kcsonsons.DataBaseAdapter mDataBase -> c
    void <init>() -> <init>
    void onCreate(android.os.Bundle) -> onCreate
    boolean onCreateOptionsMenu(android.view.Menu) -> onCreateOptionsMenu
    void onCreateContextMenu(android.view.ContextMenu,android.view.View,android.view.ContextMenu$ContextMenuInfo) -> onCreateContextMenu
    void populateOptionsMenu(android.view.Menu) -> a
    boolean onOptionsItemSelected(android.view.MenuItem) -> onOptionsItemSelected
    boolean onContextItemSelected(android.view.MenuItem) -> onContextItemSelected
    boolean applyMenuChoice(android.view.MenuItem) -> a
    void actionBarSetup() -> a
    void onStop() -> onStop
    java.util.ArrayList access$000(com.mbizdev.kcsonsons.BurgerActivity) -> a
    int access$100(com.mbizdev.kcsonsons.BurgerActivity) -> b
com.mbizdev.kcsonsons.BurgerActivity$1 -> com.mbizdev.kcsonsons.BurgerActivity$1:
    android.graphics.Typeface val$faceTomatoRoundCondensed -> a
    com.mbizdev.kcsonsons.BurgerActivity this$0 -> b
    void <init>(com.mbizdev.kcsonsons.BurgerActivity,android.graphics.Typeface) -> <init>
    void onItemClick(android.widget.AdapterView,android.view.View,int,long) -> onItemClick
com.mbizdev.kcsonsons.BurgerActivity$1$1 -> com.mbizdev.kcsonsons.BurgerActivity$1$1:
    android.widget.TextView val$textViewOrderDesc -> a
    com.mbizdev.kcsonsons.BurgerActivity$1 this$1 -> b
    void <init>(com.mbizdev.kcsonsons.BurgerActivity$1,android.widget.TextView) -> <init>
    void run() -> run
com.mbizdev.kcsonsons.BurgerActivity$2 -> com.mbizdev.kcsonsons.BurgerActivity$2:
    com.mbizdev.kcsonsons.BurgerActivity this$0 -> a
    void <init>(com.mbizdev.kcsonsons.BurgerActivity) -> <init>
    void onClick(android.view.View) -> onClick
com.mbizdev.kcsonsons.BurgerActivity$3 -> com.mbizdev.kcsonsons.BurgerActivity$3:
    com.mbizdev.kcsonsons.BurgerActivity this$0 -> a
    void <init>(com.mbizdev.kcsonsons.BurgerActivity) -> <init>
    void onClick(android.view.View) -> onClick
...
com.google.android.gms.maps.internal.zzk$zza -> com.google.android.gms.maps.a.ae$a:
    com.google.android.gms.maps.internal.zzk zzdF(android.os.IBinder) -> a
    android.os.IBinder asBinder() -> asBinder
    boolean onTransact(int,android.os.Parcel,android.os.Parcel,int) -> onTransact
com.google.android.gms.maps.internal.zzk$zza$zza -> com.google.android.gms.maps.a.ae$a$a:
    android.os.IBinder zzrk -> a
    void <init>(android.os.IBinder) -> <init>
    android.os.IBinder asBinder() -> asBinder
    void zza(com.google.android.gms.maps.model.internal.zzc) -> a
com.google.android.gms.maps.internal.zzl -> com.google.android.gms.maps.a.af:
    void onIndoorBuildingFocused() -> a
    void zza(com.google.android.gms.maps.model.internal.zzd) -> a
com.google.android.gms.maps.internal.zzl$zza -> com.google.android.gms.maps.a.af$a:
    com.google.android.gms.maps.internal.zzl zzdG(android.os.IBinder) -> a
    android.os.IBinder asBinder() -> asBinder
    boolean onTransact(int,android.os.Parcel,android.os.Parcel,int) -> onTransact
com.google.android.gms.maps.internal.zzl$zza$zza -> com.google.android.gms.maps.a.af$a$a:
    android.os.IBinder zzrk -> a
    void <init>(android.os.IBinder) -> <init>
    android.os.IBinder asBinder() -> asBinder
    void onIndoorBuildingFocused() -> a
    void zza(com.google.android.gms.maps.model.internal.zzd) -> a
com.google.android.gms.maps.internal.zzm -> com.google.android.gms.maps.a.ag:
    void zze(com.google.android.gms.maps.model.internal.zzf) -> a
com.google.android.gms.maps.internal.zzm$zza -> com.google.android.gms.maps.a.ag$a:
    void <init>() -> <init>
    com.google.android.gms.maps.internal.zzm zzdH(android.os.IBinder) -> a
    android.os.IBinder asBinder() -> asBinder
    boolean onTransact(int,android.os.Parcel,android.os.Parcel,int) -> onTransact
com.google.android.gms.maps.internal.zzm$zza$zza -> com.google.android.gms.maps.a.ag$a$a:
    android.os.IBinder zzrk -> a
    void <init>(android.os.IBinder) -> <init>
    android.os.IBinder asBinder() -> asBinder
    void zze(com.google.android.gms.maps.model.internal.zzf) -> a
com.google.android.gms.maps.internal.zzn -> com.google.android.gms.maps.a.ah:
    void zzg(com.google.android.gms.maps.model.internal.zzf) -> a
com.google.android.gms.maps.internal.zzn$zza -> com.google.android.gms.maps.a.ah$a:
    com.google.android.gms.maps.internal.zzn zzdI(android.os.IBinder) -> a
    android.os.IBinder asBinder() -> asBinder
    boolean onTransact(int,android.os.Parcel,android.os.Parcel,int) -> onTransact
com.google.android.gms.maps.internal.zzn$zza$zza -> com.google.android.gms.maps.a.ah$a$a:
    android.os.IBinder zzrk -> a
    void <init>(android.os.IBinder) -> <init>
    android.os.IBinder asBinder() -> asBinder
    void zzg(com.google.android.gms.maps.model.internal.zzf) -> a
com.google.android.gms.maps.internal.zzo -> com.google.android.gms.maps.a.ai:
    void zzf(com.google.android.gms.maps.model.internal.zzf) -> a
com.google.android.gms.maps.internal.zzo$zza -> com.google.android.gms.maps.a.ai$a:
    com.google.android.gms.maps.internal.zzo zzdJ(android.os.IBinder) -> a
    android.os.IBinder asBinder() -> asBinder
    boolean onTransact(int,android.os.Parcel,android.os.Parcel,int) -> onTransact
com.google.android.gms.maps.internal.zzo$zza$zza -> com.google.android.gms.maps.a.ai$a$a:
    android.os.IBinder zzrk -> a
    void <init>(android.os.IBinder) -> <init>
    android.os.IBinder asBinder() -> asBinder
    void zzf(com.google.android.gms.maps.model.internal.zzf) -> a
com.google.android.gms.maps.internal.zzp -> com.google.android.gms.maps.a.aj:
    void zzK(com.google.android.gms.dynamic.IObjectWrapper) -> a
    void zze(android.location.Location) -> a
com.google.android.gms.maps.internal.zzp$zza -> com.google.android.gms.maps.a.aj$a:
    com.google.android.gms.maps.internal.zzp zzdK(android.os.IBinder) -> a
    boolean onTransact(int,android.os.Parcel,android.os.Parcel,int) -> onTransact