build/outputs/mapping/release/usage.txt
com.mbizdev.kcsonsons.BuildConfig
com.mbizdev.kcsonsons.BurgerActivity:
    android.widget.Toast customToast
com.mbizdev.kcsonsons.DataBase
com.mbizdev.kcsonsons.DataBaseAdapter:
    protected static final java.lang.String TAG
    288:305:public void UpdateOrder(java.lang.String)
    311:326:public void UpdateCountItem(java.lang.String)
com.mbizdev.kcsonsons.DataBaseHelper:
    private static final java.lang.String DATABASE_NAME
    private static final int DATABASE_VERSION
    private static final java.lang.String SP_KEY_DB_VER
    165:176:public void clearApplicationData()
    180:190:public static boolean deleteDir(java.io.File)
com.mbizdev.kcsonsons.Home_Activity:
    148:158:public static boolean deleteDir(java.io.File)
com.mbizdev.kcsonsons.KCMenuItem:
    25:25:public java.lang.String getCategory()
com.mbizdev.kcsonsons.KCMenuItemList
com.mbizdev.kcsonsons.MoreActivity:
    543:553:public static boolean deleteDir(java.io.File)
com.mbizdev.kcsonsons.OpeningList
com.mbizdev.kcsonsons.OrderActivity:
    361:361:public void onItemClick(android.widget.AdapterView,android.view.View,int,long)
com.mbizdev.kcsonsons.Q_Cam:
    private java.util.Timer autoUpdate
    251:268:public void timerSetup()
    36:36:static synthetic android.app.ProgressDialog access$000(com.mbizdev.kcsonsons.Q_Cam)
com.mbizdev.kcsonsons.Q_Cam$1
com.mbizdev.kcsonsons.Q_Cam$1$1
com.mbizdev.kcsonsons.Q_Cam$DownloadImageTask
com.mbizdev.kcsonsons.R
com.mbizdev.kcsonsons.R$anim
com.mbizdev.kcsonsons.R$attr
com.mbizdev.kcsonsons.R$bool
com.mbizdev.kcsonsons.R$color
com.mbizdev.kcsonsons.R$dimen
com.mbizdev.kcsonsons.R$drawable
com.mbizdev.kcsonsons.R$id
com.mbizdev.kcsonsons.R$integer
com.mbizdev.kcsonsons.R$layout
com.mbizdev.kcsonsons.R$menu
com.mbizdev.kcsonsons.R$mipmap
com.mbizdev.kcsonsons.R$string
com.mbizdev.kcsonsons.R$style
com.mbizdev.kcsonsons.R$styleable
com.mbizdev.kcsonsons.util.SystemUiHider
com.mbizdev.kcsonsons.util.SystemUiHider$1
com.mbizdev.kcsonsons.util.SystemUiHider$OnVisibilityChangeListener
com.mbizdev.kcsonsons.util.SystemUiHiderBase
com.mbizdev.kcsonsons.util.SystemUiHiderHoneycomb
com.mbizdev.kcsonsons.util.SystemUiHiderHoneycomb$1
...
android.support.v4.media.MediaBrowserServiceCompat$MediaBrowserServiceImplApi23
android.support.v4.media.MediaBrowserServiceCompat$MediaBrowserServiceImplApi23$1
android.support.v4.media.MediaBrowserServiceCompat$MediaBrowserServiceImplApi24
android.support.v4.media.MediaBrowserServiceCompat$MediaBrowserServiceImplApi24$1
android.support.v4.media.MediaBrowserServiceCompat$MediaBrowserServiceImplBase
android.support.v4.media.MediaBrowserServiceCompat$MediaBrowserServiceImplBase$1
android.support.v4.media.MediaBrowserServiceCompat$MediaBrowserServiceImplBase$2
android.support.v4.media.MediaBrowserServiceCompat$Result
android.support.v4.media.MediaBrowserServiceCompat$ServiceBinderImpl
android.support.v4.media.MediaBrowserServiceCompat$ServiceBinderImpl$1
android.support.v4.media.MediaBrowserServiceCompat$ServiceBinderImpl$2
android.support.v4.media.MediaBrowserServiceCompat$ServiceBinderImpl$3
android.support.v4.media.MediaBrowserServiceCompat$ServiceBinderImpl$4
android.support.v4.media.MediaBrowserServiceCompat$ServiceBinderImpl$5
android.support.v4.media.MediaBrowserServiceCompat$ServiceBinderImpl$6
android.support.v4.media.MediaBrowserServiceCompat$ServiceBinderImpl$7
android.support.v4.media.MediaBrowserServiceCompat$ServiceBinderImpl$8
android.support.v4.media.MediaBrowserServiceCompat$ServiceCallbacks
android.support.v4.media.MediaBrowserServiceCompat$ServiceCallbacksCompat
android.support.v4.media.MediaBrowserServiceCompat$ServiceHandler
android.support.v4.media.MediaBrowserServiceCompatApi21
android.support.v4.media.MediaBrowserServiceCompatApi21$BrowserRoot
android.support.v4.media.MediaBrowserServiceCompatApi21$MediaBrowserServiceAdaptor
android.support.v4.media.MediaBrowserServiceCompatApi21$ResultWrapper
android.support.v4.media.MediaBrowserServiceCompatApi21$ServiceCompatProxy
android.support.v4.media.MediaBrowserServiceCompatApi23
android.support.v4.media.MediaBrowserServiceCompatApi23$MediaBrowserServiceAdaptor
android.support.v4.media.MediaBrowserServiceCompatApi23$ServiceCompatProxy
android.support.v4.media.MediaBrowserServiceCompatApi24
android.support.v4.media.MediaBrowserServiceCompatApi24$MediaBrowserServiceAdaptor
android.support.v4.media.MediaBrowserServiceCompatApi24$ResultWrapper
android.support.v4.media.MediaBrowserServiceCompatApi24$ServiceCompatProxy
android.support.v4.media.MediaDescriptionCompat
android.support.v4.media.MediaDescriptionCompat$1
android.support.v4.media.MediaDescriptionCompat$Builder
android.support.v4.media.MediaDescriptionCompatApi21
android.support.v4.media.MediaDescriptionCompatApi21$Builder
android.support.v4.media.MediaDescriptionCompatApi23
android.support.v4.media.MediaDescriptionCompatApi23$Builder
android.support.v4.media.MediaMetadataCompat
android.support.v4.media.MediaMetadataCompat$1
android.support.v4.media.MediaMetadataCompat$BitmapKey
android.support.v4.media.MediaMetadataCompat$Builder
android.support.v4.media.MediaMetadataCompat$LongKey
android.support.v4.media.MediaMetadataCompat$RatingKey
android.support.v4.media.MediaMetadataCompat$TextKey
android.support.v4.media.MediaMetadataCompatApi21
android.support.v4.media.MediaMetadataCompatApi21$Builder
android.support.v4.media.ParceledListSliceAdapterApi21
android.support.v4.media.RatingCompat
android.support.v4.media.RatingCompat$1
android.support.v4.media.RatingCompat$StarStyle
android.support.v4.media.RatingCompat$Style
android.support.v4.media.RatingCompatKitkat
android.support.v4.media.TransportController
android.support.v4.media.TransportMediator
android.support.v4.media.TransportMediator$1
android.support.v4.media.TransportMediator$2
android.support.v4.media.TransportMediatorCallback
android.support.v4.media.TransportMediatorJellybeanMR2
android.support.v4.media.TransportMediatorJellybeanMR2$1
android.support.v4.media.TransportMediatorJellybeanMR2$2
android.support.v4.media.TransportMediatorJellybeanMR2$3
android.support.v4.media.TransportMediatorJellybeanMR2$4